[16:48:41] [Server thread/INFO]: Starting minecraft server version 1.8.8
[16:48:41] [Server thread/INFO]: Loading properties
[16:48:41] [Server thread/INFO]: Default game type: SURVIVAL
[16:48:41] [Server thread/INFO]: This server is running CraftBukkit version git-PaperSpigot-445 (MC: 1.8.8) (Implementing API version 1.8.8-R0.1-SNAPSHOT)
[16:48:41] [Server thread/INFO]: Debug logging is disabled
[16:48:41] [Server thread/INFO]: Spigot Timings: true - Verbose: true - Interval: 5m - Length: 60m
[16:48:41] [Server thread/INFO]: Server Ping Player Sample Count: 12

[16:48:41] [Server thread/INFO]: Using 4 threads for Netty based IO
[16:48:41] [Server thread/INFO]: Data value allowed items: 
[16:48:41] [Server thread/WARN]: java.lang.NoSuchFieldException: modifiers

[16:48:41] [Server thread/WARN]: 	at java.base/java.lang.Class.getDeclaredField(Class.java:2782)

[16:48:41] [Server thread/WARN]: 	at org.github.paperspigot.PaperSpigotConfig.stackableBuckets(PaperSpigotConfig.java:192)

[16:48:41] [Server thread/WARN]: 	at java.base/jdk.internal.reflect.DirectMethodHandleAccessor.invoke(DirectMethodHandleAccessor.java:103)

[16:48:41] [Server thread/WARN]: 	at java.base/java.lang.reflect.Method.invoke(Method.java:580)

[16:48:41] [Server thread/WARN]: 	at org.github.paperspigot.PaperSpigotConfig.readConfig(PaperSpigotConfig.java:84)

[16:48:41] [Server thread/WARN]: 	at org.github.paperspigot.PaperSpigotConfig.init(PaperSpigotConfig.java:62)

[16:48:41] [Server thread/WARN]: 	at net.minecraft.server.v1_8_R3.DedicatedServer.init(DedicatedServer.java:181)

[16:48:41] [Server thread/WARN]: 	at net.minecraft.server.v1_8_R3.MinecraftServer.run(MinecraftServer.java:563)

[16:48:41] [Server thread/WARN]: 	at java.base/java.lang.Thread.run(Thread.java:1583)

[16:48:41] [Server thread/INFO]: Generating keypair
[16:48:42] [Server thread/INFO]: Starting Minecraft server on localhost:25565
[16:48:42] [Server thread/INFO]: Your platform does not provide complete low-level API for accessing direct buffers reliably. Unless explicitly requested, heap buffer will always be preferred to avoid potential system unstability.
[16:48:42] [Server thread/INFO]: Using default channel type
[16:48:42] [Server thread/INFO]: Set PluginClassLoader as parallel capable
[16:48:42] [Server thread/INFO]: [SimpleTpa] Loading SimpleTpa v6.4
[16:48:42] [Server thread/INFO]: [SimpleHomes] Loading SimpleHomes v2.2
[16:48:42] [Server thread/INFO]: [WorldEdit] Loading WorldEdit v6.1;no_git_id
[16:48:42] [Server thread/INFO]: [LoginSecurity] Loading LoginSecurity v3.2.0
[16:48:42] [Server thread/WARN]: **** SERVER IS RUNNING IN OFFLINE/INSECURE MODE!
[16:48:42] [Server thread/WARN]: The server will make no attempt to authenticate usernames. Beware.
[16:48:42] [Server thread/WARN]: Whilst this makes it possible to use BungeeCord, unless access to your server is properly restricted, it also opens up the ability for hackers to connect with any username they choose.
[16:48:42] [Server thread/WARN]: Please see http://www.spigotmc.org/wiki/firewall-guide/ for further information.
[16:48:42] [Server thread/WARN]: To change this, set "online-mode" to "true" in the server.properties file.
[16:48:42] [Server thread/INFO]: **** Beginning UUID conversion, this may take A LONG time ****
[16:48:42] [Server thread/INFO]: Preparing level "world"
[16:48:42] [Server thread/INFO]: -------- World Settings For [world] --------
[16:48:42] [Server thread/INFO]: Mob Spawn Range: 4
[16:48:42] [Server thread/INFO]: Anti X-Ray: true
[16:48:42] [Server thread/INFO]: 	Engine Mode: 1
[16:48:42] [Server thread/INFO]: 	Hidden Blocks: [14, 15, 16, 21, 48, 49, 54, 56, 73, 74, 82, 129, 130]
[16:48:42] [Server thread/INFO]: 	Replace Blocks: [1, 5]
[16:48:42] [Server thread/INFO]: Nerfing mobs spawned from spawners: false
[16:48:42] [Server thread/INFO]: Cactus Growth Modifier: 100%
[16:48:42] [Server thread/INFO]: Cane Growth Modifier: 100%
[16:48:42] [Server thread/INFO]: Melon Growth Modifier: 100%
[16:48:42] [Server thread/INFO]: Mushroom Growth Modifier: 100%
[16:48:42] [Server thread/INFO]: Pumpkin Growth Modifier: 100%
[16:48:42] [Server thread/INFO]: Sapling Growth Modifier: 100%
[16:48:42] [Server thread/INFO]: Wheat Growth Modifier: 100%
[16:48:42] [Server thread/INFO]: NetherWart Growth Modifier: 100%
[16:48:42] [Server thread/INFO]: Entity Activation Range: An 32 / Mo 32 / Mi 16
[16:48:42] [Server thread/INFO]: Entity Tracking Range: Pl 48 / An 48 / Mo 48 / Mi 32 / Other 64
[16:48:42] [Server thread/INFO]: Hopper Transfer: 8 Hopper Check: 8 Hopper Amount: 1
[16:48:42] [Server thread/INFO]: Random Lighting Updates: false
[16:48:42] [Server thread/INFO]: Structure Info Saving: true
[16:48:42] [Server thread/INFO]: Sending up to 10 chunks per packet
[16:48:42] [Server thread/INFO]: Max Entity Collisions: 8
[16:48:42] [Server thread/INFO]: Custom Map Seeds:  Village: 10387312 Feature: 14357617
[16:48:42] [Server thread/INFO]: Max TNT Explosions: 100
[16:48:42] [Server thread/INFO]: Tile Max Tick Time: 50ms Entity max Tick Time: 50ms
[16:48:42] [Server thread/INFO]: Item Despawn Rate: 6000
[16:48:42] [Server thread/INFO]: Item Merge Radius: 2.5
[16:48:42] [Server thread/INFO]: Arrow Despawn Rate: 1200
[16:48:42] [Server thread/INFO]: Allow Zombie Pigmen to spawn from portal blocks: true
[16:48:42] [Server thread/INFO]: View Distance: 4
[16:48:42] [Server thread/INFO]: Zombie Aggressive Towards Villager: true
[16:48:42] [Server thread/INFO]: Chunks to Grow per Tick: 650
[16:48:42] [Server thread/INFO]: Clear tick list: false
[16:48:42] [Server thread/INFO]: Experience Merge Radius: 3.0
[16:48:42] [Server thread/INFO]: -------- World Settings For [world] --------
[16:48:42] [Server thread/INFO]: Squids will spawn between Y: 45.0 and Y: 63.0
[16:48:42] [Server thread/INFO]: Max height for cactus growth 3. Max height for reed growth 3
[16:48:42] [Server thread/INFO]: Living Entity Despawn Ranges:  Soft: 32 Hard: 128
[16:48:42] [Server thread/INFO]: Player blocking damage multiplier set to 0.5
[16:48:42] [Server thread/INFO]: Remove invalid mob spawner tile entities: true
[16:48:42] [Server thread/INFO]: Water over lava flow speed: 5
[16:48:42] [Server thread/INFO]: Fix TNT cannons: false
[16:48:42] [Server thread/INFO]: Allow undead horse types to be leashed: false
[16:48:42] [Server thread/INFO]: Keep spawn chunk loaded: true
[16:48:42] [Server thread/INFO]: World async lighting: false
[16:48:42] [Server thread/INFO]: WorldServer TickNextTick cap set at 10000
[16:48:42] [Server thread/INFO]: WorldServer TickNextTickList cap always processes redstone: false
[16:48:42] [Server thread/INFO]: -------- World Settings For [world_nether] --------
[16:48:42] [Server thread/INFO]: Mob Spawn Range: 4
[16:48:42] [Server thread/INFO]: Anti X-Ray: true
[16:48:42] [Server thread/INFO]: 	Engine Mode: 1
[16:48:42] [Server thread/INFO]: 	Hidden Blocks: [14, 15, 16, 21, 48, 49, 54, 56, 73, 74, 82, 129, 130]
[16:48:42] [Server thread/INFO]: 	Replace Blocks: [1, 5]
[16:48:42] [Server thread/INFO]: Nerfing mobs spawned from spawners: false
[16:48:42] [Server thread/INFO]: Cactus Growth Modifier: 100%
[16:48:42] [Server thread/INFO]: Cane Growth Modifier: 100%
[16:48:42] [Server thread/INFO]: Melon Growth Modifier: 100%
[16:48:42] [Server thread/INFO]: Mushroom Growth Modifier: 100%
[16:48:42] [Server thread/INFO]: Pumpkin Growth Modifier: 100%
[16:48:42] [Server thread/INFO]: Sapling Growth Modifier: 100%
[16:48:42] [Server thread/INFO]: Wheat Growth Modifier: 100%
[16:48:42] [Server thread/INFO]: NetherWart Growth Modifier: 100%
[16:48:42] [Server thread/INFO]: Entity Activation Range: An 32 / Mo 32 / Mi 16
[16:48:42] [Server thread/INFO]: Entity Tracking Range: Pl 48 / An 48 / Mo 48 / Mi 32 / Other 64
[16:48:42] [Server thread/INFO]: Hopper Transfer: 8 Hopper Check: 8 Hopper Amount: 1
[16:48:42] [Server thread/INFO]: Random Lighting Updates: false
[16:48:42] [Server thread/INFO]: Structure Info Saving: true
[16:48:42] [Server thread/INFO]: Sending up to 10 chunks per packet
[16:48:42] [Server thread/INFO]: Max Entity Collisions: 8
[16:48:42] [Server thread/INFO]: Custom Map Seeds:  Village: 10387312 Feature: 14357617
[16:48:42] [Server thread/INFO]: Max TNT Explosions: 100
[16:48:42] [Server thread/INFO]: Tile Max Tick Time: 50ms Entity max Tick Time: 50ms
[16:48:42] [Server thread/INFO]: Item Despawn Rate: 6000
[16:48:42] [Server thread/INFO]: Item Merge Radius: 2.5
[16:48:42] [Server thread/INFO]: Arrow Despawn Rate: 1200
[16:48:42] [Server thread/INFO]: Allow Zombie Pigmen to spawn from portal blocks: true
[16:48:42] [Server thread/INFO]: View Distance: 4
[16:48:42] [Server thread/INFO]: Zombie Aggressive Towards Villager: true
[16:48:42] [Server thread/INFO]: Chunks to Grow per Tick: 650
[16:48:42] [Server thread/INFO]: Clear tick list: false
[16:48:42] [Server thread/INFO]: Experience Merge Radius: 3.0
[16:48:42] [Server thread/INFO]: -------- World Settings For [world_nether] --------
[16:48:42] [Server thread/INFO]: Squids will spawn between Y: 45.0 and Y: 63.0
[16:48:42] [Server thread/INFO]: Max height for cactus growth 3. Max height for reed growth 3
[16:48:42] [Server thread/INFO]: Living Entity Despawn Ranges:  Soft: 32 Hard: 128
[16:48:42] [Server thread/INFO]: Player blocking damage multiplier set to 0.5
[16:48:42] [Server thread/INFO]: Remove invalid mob spawner tile entities: true
[16:48:42] [Server thread/INFO]: Water over lava flow speed: 5
[16:48:42] [Server thread/INFO]: Fix TNT cannons: false
[16:48:42] [Server thread/INFO]: Allow undead horse types to be leashed: false
[16:48:42] [Server thread/INFO]: Keep spawn chunk loaded: true
[16:48:42] [Server thread/INFO]: World async lighting: false
[16:48:42] [Server thread/INFO]: WorldServer TickNextTick cap set at 10000
[16:48:42] [Server thread/INFO]: WorldServer TickNextTickList cap always processes redstone: false
[16:48:42] [Server thread/INFO]: -------- World Settings For [world_the_end] --------
[16:48:42] [Server thread/INFO]: Mob Spawn Range: 4
[16:48:42] [Server thread/INFO]: Anti X-Ray: true
[16:48:42] [Server thread/INFO]: 	Engine Mode: 1
[16:48:42] [Server thread/INFO]: 	Hidden Blocks: [14, 15, 16, 21, 48, 49, 54, 56, 73, 74, 82, 129, 130]
[16:48:42] [Server thread/INFO]: 	Replace Blocks: [1, 5]
[16:48:42] [Server thread/INFO]: Nerfing mobs spawned from spawners: false
[16:48:42] [Server thread/INFO]: Cactus Growth Modifier: 100%
[16:48:42] [Server thread/INFO]: Cane Growth Modifier: 100%
[16:48:42] [Server thread/INFO]: Melon Growth Modifier: 100%
[16:48:42] [Server thread/INFO]: Mushroom Growth Modifier: 100%
[16:48:42] [Server thread/INFO]: Pumpkin Growth Modifier: 100%
[16:48:42] [Server thread/INFO]: Sapling Growth Modifier: 100%
[16:48:42] [Server thread/INFO]: Wheat Growth Modifier: 100%
[16:48:42] [Server thread/INFO]: NetherWart Growth Modifier: 100%
[16:48:42] [Server thread/INFO]: Entity Activation Range: An 32 / Mo 32 / Mi 16
[16:48:42] [Server thread/INFO]: Entity Tracking Range: Pl 48 / An 48 / Mo 48 / Mi 32 / Other 64
[16:48:42] [Server thread/INFO]: Hopper Transfer: 8 Hopper Check: 8 Hopper Amount: 1
[16:48:42] [Server thread/INFO]: Random Lighting Updates: false
[16:48:42] [Server thread/INFO]: Structure Info Saving: true
[16:48:42] [Server thread/INFO]: Sending up to 10 chunks per packet
[16:48:42] [Server thread/INFO]: Max Entity Collisions: 8
[16:48:42] [Server thread/INFO]: Custom Map Seeds:  Village: 10387312 Feature: 14357617
[16:48:42] [Server thread/INFO]: Max TNT Explosions: 100
[16:48:42] [Server thread/INFO]: Tile Max Tick Time: 50ms Entity max Tick Time: 50ms
[16:48:42] [Server thread/INFO]: Item Despawn Rate: 6000
[16:48:42] [Server thread/INFO]: Item Merge Radius: 2.5
[16:48:42] [Server thread/INFO]: Arrow Despawn Rate: 1200
[16:48:42] [Server thread/INFO]: Allow Zombie Pigmen to spawn from portal blocks: true
[16:48:42] [Server thread/INFO]: View Distance: 4
[16:48:42] [Server thread/INFO]: Zombie Aggressive Towards Villager: true
[16:48:42] [Server thread/INFO]: Chunks to Grow per Tick: 650
[16:48:42] [Server thread/INFO]: Clear tick list: false
[16:48:42] [Server thread/INFO]: Experience Merge Radius: 3.0
[16:48:42] [Server thread/INFO]: -------- World Settings For [world_the_end] --------
[16:48:42] [Server thread/INFO]: Squids will spawn between Y: 45.0 and Y: 63.0
[16:48:42] [Server thread/INFO]: Max height for cactus growth 3. Max height for reed growth 3
[16:48:42] [Server thread/INFO]: Living Entity Despawn Ranges:  Soft: 32 Hard: 128
[16:48:42] [Server thread/INFO]: Player blocking damage multiplier set to 0.5
[16:48:42] [Server thread/INFO]: Remove invalid mob spawner tile entities: true
[16:48:42] [Server thread/INFO]: Water over lava flow speed: 5
[16:48:42] [Server thread/INFO]: Fix TNT cannons: false
[16:48:42] [Server thread/INFO]: Allow undead horse types to be leashed: false
[16:48:42] [Server thread/INFO]: Keep spawn chunk loaded: true
[16:48:42] [Server thread/INFO]: World async lighting: false
[16:48:42] [Server thread/INFO]: WorldServer TickNextTick cap set at 10000
[16:48:42] [Server thread/INFO]: WorldServer TickNextTickList cap always processes redstone: false
[16:48:42] [Server thread/INFO]: Preparing start region for level 0 (Seed: 8455882317449736492)
[16:48:43] [Server thread/INFO]: Preparing spawn area: 44%
[16:48:44] [Server thread/INFO]: Preparing start region for level 1 (Seed: 8455882317449736492)
[16:48:45] [Server thread/INFO]: Preparing start region for level 2 (Seed: 8455882317449736492)
[16:48:45] [Server thread/INFO]: [SimpleTpa] Enabling SimpleTpa v6.4
[16:48:45] [Server thread/INFO]: [0;33;1m[21m[SimpleTpa] If you need support contact me at https://discord.gg/SZUkza9[m

[16:48:45] [Server thread/INFO]: [0;33;1m[21m[SimpleTpa] Simple Tpa has been enabled on version 6.4[m

[16:48:45] [Server thread/INFO]: Enabled metrics. You may opt-out by changing plugins/bStats/config.yml
[16:48:45] [Server thread/INFO]: [SimpleHomes] Enabling SimpleHomes v2.2
[16:48:45] [Server thread/INFO]: [WorldEdit] Enabling WorldEdit v6.1;no_git_id
[16:48:45] [Server thread/INFO]: WEPIF: Using the Bukkit Permissions API.
[16:48:45] [Server thread/INFO]: [WorldEdit] Using com.sk89q.worldedit.bukkit.adapter.impl.Spigot_v1_8_R3 as the Bukkit adapter
[16:48:45] [Server thread/INFO]: [LoginSecurity] Enabling LoginSecurity v3.2.0
[16:48:45] [Server thread/INFO]: [LoginSecurity] Loading base translations from "en_us"
[16:48:45] [Server thread/INFO]: [LoginSecurity] Loading specified translations from "en_us"
[16:48:45] [Server thread/INFO]: [LoginSecurity] Registering commands...
[16:48:45] [Server thread/INFO]: [LoginSecurity] Registering listeners...
[16:48:45] [Server thread/INFO]: Server permissions file permissions.yml is empty, ignoring it
[16:48:45] [Server thread/INFO]: Done (3.623s)! For help, type "help" or "?"
[16:48:45] [Server thread/INFO]: Timings Reset
[16:48:46] [Craft Scheduler Thread - 0/INFO]: [0;31;1m[21m[SimpleTpa] There is a new update available.[m

[16:48:46] [Craft Scheduler Thread - 0/INFO]: [0;31;1m[SimpleTpa] There is a new update available:[m

[16:48:46] [Craft Scheduler Thread - 0/INFO]: [0;31;1m[SimpleTpa] https://www.spigotmc.org/resources/simple-tpa.64270/[m

[16:49:21] [Thread-7/INFO]: UUID of player big_mango is a2eb9122-fced-33b2-a18e-9b38bc1f269b
[16:49:22] [Server thread/INFO]: big_mango[/[0:0:0:0:0:0:0:1]:44628] logged in with entity id 697 at ([world]158.25367136550886, 64.0, -33.46642719028761)
[16:49:37] [Server thread/INFO]: big_mango issued server command: /
[16:51:29] [Thread-8/INFO]: UUID of player AKA_DEATH_ is e2397c84-3da9-31f5-ae83-7e9b1dd1c9c4
[16:51:29] [Server thread/INFO]: AKA_DEATH_[/[0:0:0:0:0:0:0:1]:32908] logged in with entity id 960 at ([world]369.060039747182, 64.0, 325.69999998807907)
[16:52:18] [Thread-9/INFO]: UUID of player moosh101 is 2d9da0b3-8365-3bc4-a513-726bf9ac576e
[16:52:18] [Server thread/INFO]: moosh101[/[0:0:0:0:0:0:0:1]:51968] logged in with entity id 1131 at ([world]368.8978256000089, 64.0, 324.31252402831336)
[16:52:43] [Server thread/INFO]: big_mango issued server command: /home 1
[16:52:55] [Thread-10/INFO]: UUID of player bingus_lover_123 is 2f9d527c-9753-3a4f-be78-2c79605625b7
[16:52:55] [Server thread/INFO]: bingus_lover_123[/[0:0:0:0:0:0:0:1]:40076] logged in with entity id 1233 at ([world]331.1917226967102, 63.0, 301.20642031958886)
[16:52:57] [Server thread/INFO]: AKA_DEATH_ lost connection: Disconnected
[16:52:57] [Server thread/INFO]: AKA_DEATH_ left the game.
[16:53:31] [Thread-11/INFO]: UUID of player AKA_DEATH_ is e2397c84-3da9-31f5-ae83-7e9b1dd1c9c4
[16:53:31] [Server thread/INFO]: AKA_DEATH_[/[0:0:0:0:0:0:0:1]:45680] logged in with entity id 1306 at ([world]367.30000001192093, 68.0, 326.69999998807907)
[16:53:35] [Server thread/INFO]: AKA_DEATH_ issued server command: /ogin 123456
[16:54:15] [Server thread/INFO]: big_mango issued server command: /home 3
[16:54:46] [Server thread/INFO]: moosh101 issued server command: /tell aka_death_ nigge
[16:54:59] [Server thread/INFO]: AKA_DEATH_ issued server command: /t moosh101 shaddup
[16:55:08] [Server thread/INFO]: AKA_DEATH_ issued server command: /tell moosh101 shaddup
[16:55:10] [Server thread/INFO]: big_mango issued server command: /home 2
[16:55:21] [Server thread/INFO]: AKA_DEATH_ issued server command: /tell moosh101 wheres my stuff
[16:55:26] [Async Chat Thread - #0/INFO]: <moosh101> ??[m

[16:55:47] [Server thread/INFO]: AKA_DEATH_ issued server command: /tell moosh101 i dont have my boots
[16:55:57] [Server thread/INFO]: AKA_DEATH_ lost connection: Disconnected
[16:55:57] [Server thread/INFO]: AKA_DEATH_ left the game.
[16:56:08] [Server thread/INFO]: moosh101 issued server command: /home ocm
[16:57:36] [Server thread/WARN]: bingus_lover_123 moved wrongly!
[16:57:55] [Server thread/INFO]: bingus_lover_123 has just earned the achievement [Cow Tipper]
[17:01:58] [Server thread/INFO]: moosh101 lost connection: Disconnected
[17:01:58] [Server thread/INFO]: moosh101 left the game.
[17:02:19] [Server thread/INFO]: big_mango issued server command: /home 2
[17:03:28] [Thread-13/INFO]: UUID of player moosh101 is 2d9da0b3-8365-3bc4-a513-726bf9ac576e
[17:03:28] [Server thread/INFO]: moosh101[/[0:0:0:0:0:0:0:1]:60614] logged in with entity id 4299 at ([world]-650.1033104884577, 70.0, -571.707874964397)
[17:03:59] [Server thread/INFO]: moosh101 lost connection: Login timed out!
[17:03:59] [Server thread/INFO]: moosh101 left the game.
[17:03:59] [Server thread/WARN]: handleDisconnection() called twice
[17:04:18] [Thread-14/INFO]: UUID of player moosh101 is 2d9da0b3-8365-3bc4-a513-726bf9ac576e
[17:04:18] [Server thread/INFO]: moosh101[/[0:0:0:0:0:0:0:1]:34832] logged in with entity id 4474 at ([world]-650.2953252479243, 70.0, -571.9973305179569)
[17:04:28] [Server thread/INFO]: moosh101 lost connection: Disconnected
[17:04:28] [Server thread/INFO]: moosh101 left the game.
[17:31:28] [Server thread/INFO]: big_mango issued server command: /home 3
[17:35:13] [Thread-16/INFO]: UUID of player moosh101 is 2d9da0b3-8365-3bc4-a513-726bf9ac576e
[17:35:13] [Server thread/INFO]: moosh101[/[0:0:0:0:0:0:0:1]:39988] logged in with entity id 6684 at ([world]-650.0100993712766, 70.0, -579.2592990897795)
[17:35:43] [Server thread/INFO]: moosh101 lost connection: Disconnected
[17:35:43] [Server thread/INFO]: moosh101 left the game.
[17:36:12] [Thread-17/INFO]: UUID of player moosh101 is 2d9da0b3-8365-3bc4-a513-726bf9ac576e
[17:36:12] [Server thread/INFO]: moosh101[/[0:0:0:0:0:0:0:1]:44778] logged in with entity id 6853 at ([world]-665.0137249419026, 63.0, -622.1646166831141)
[17:36:57] [Server thread/INFO]: moosh101 lost connection: Disconnected
[17:36:58] [Server thread/INFO]: moosh101 left the game.
[17:38:18] [Thread-18/INFO]: UUID of player moosh101 is 2d9da0b3-8365-3bc4-a513-726bf9ac576e
[17:38:18] [Server thread/INFO]: moosh101[/[0:0:0:0:0:0:0:1]:58192] logged in with entity id 7159 at ([world]-728.6999999880791, 67.0, -651.8014805631002)
[17:39:35] [Server thread/INFO]: big_mango issued server command: /home 2
[17:42:15] [Server thread/INFO]: big_mango issued server command: /
[17:42:28] [Server thread/INFO]: big_mango issued server command: /tpa moosh
[17:42:48] [Server thread/INFO]: big_mango issued server command: /tpa moosh
[17:43:29] [Server thread/INFO]: bingus_lover_123 issued server command: /home1
[17:43:34] [Server thread/INFO]: bingus_lover_123 issued server command: /home 1
[17:43:36] [Server thread/INFO]: big_mango issued server command: /tpa moosh
[17:43:46] [Server thread/INFO]: moosh101 issued server command: /tpaccept
[17:45:35] [Server thread/INFO]: big_mango issued server command: /tpa moosh
[17:45:39] [Server thread/INFO]: moosh101 issued server command: /tpaccept
[17:46:46] [Server thread/INFO]: bingus_lover_123 issued server command: /home 1
[17:47:53] [Server thread/INFO]: bingus_lover_123 issued server command: /tpa big_mango
[17:48:05] [Server thread/INFO]: big_mango issued server command: /tpaccept
[17:48:08] [Server thread/INFO]: big_mango issued server command: /
[17:48:13] [Server thread/INFO]: bingus_lover_123 fell from a high place
[17:48:20] [Server thread/INFO]: bingus_lover_123 issued server command: /back
[17:49:58] [Server thread/INFO]: big_mango issued server command: /home 2
[17:50:00] [Server thread/INFO]: big_mango issued server command: /tpaccept
[17:51:10] [Server thread/INFO]: bingus_lover_123 issued server command: /tpa
[17:51:16] [Server thread/INFO]: bingus_lover_123 issued server command: /tpa big_mango
[17:52:06] [Server thread/INFO]: bingus_lover_123 issued server command: /tpa big_mango
[17:52:15] [Server thread/INFO]: big_mango issued server command: /tpaccept
[17:52:16] [Server thread/INFO]: big_mango issued server command: /
[17:52:34] [Server thread/INFO]: big_mango issued server command: /tpaccept
[17:52:36] [Server thread/INFO]: big_mango issued server command: /tpaccept
[17:52:37] [Server thread/INFO]: bingus_lover_123 issued server command: /tpa big_mango
[17:52:49] [Server thread/INFO]: big_mango issued server command: /tpaccept
[17:54:19] [Server thread/INFO]: bingus_lover_123 hit the ground too hard
[17:54:29] [Server thread/INFO]: bingus_lover_123 issued server command: /back#
[17:54:32] [Server thread/INFO]: bingus_lover_123 issued server command: /back
[17:55:11] [Server thread/INFO]: bingus_lover_123 issued server command: /tpa moosh101
[17:55:16] [Server thread/INFO]: big_mango issued server command: /tpa moosh
[17:55:58] [Server thread/INFO]: bingus_lover_123 issued server command: /home 1
[17:56:05] [Server thread/INFO]: big_mango issued server command: /tpa moosh
[17:56:10] [Server thread/INFO]: moosh101 issued server command: /homes
[17:56:21] [Server thread/INFO]: moosh101 issued server command: /delhome idk
[17:56:28] [Server thread/INFO]: moosh101 issued server command: /sethome villige
[17:56:38] [Server thread/INFO]: big_mango lost connection: Disconnected
[17:56:38] [Server thread/INFO]: big_mango left the game.
[17:56:56] [Thread-20/INFO]: UUID of player big_mango is a2eb9122-fced-33b2-a18e-9b38bc1f269b
[17:56:56] [Server thread/INFO]: big_mango[/[0:0:0:0:0:0:0:1]:60812] logged in with entity id 17750 at ([world]162.69999998807907, 60.0, -50.04391754366152)
[17:57:09] [Server thread/INFO]: big_mango issued server command: /tpa moosh
[17:57:11] [Server thread/INFO]: big_mango lost connection: Disconnected
[17:57:11] [Server thread/INFO]: big_mango left the game.
[17:57:16] [Thread-21/INFO]: UUID of player big_mango is a2eb9122-fced-33b2-a18e-9b38bc1f269b
[17:57:16] [Server thread/INFO]: big_mango[/[0:0:0:0:0:0:0:1]:50056] logged in with entity id 17940 at ([world]162.69999998807907, 60.0, -50.04391754366152)
[17:57:18] [Server thread/INFO]: bingus_lover_123 issued server command: /tpa moosh101
[17:57:22] [Server thread/INFO]: big_mango issued server command: /tpa moosh
[17:57:44] [Server thread/INFO]: moosh101 issued server command: /tpaccept
[17:57:46] [Server thread/INFO]: big_mango issued server command: /tpa moosh
[17:57:51] [Server thread/INFO]: bingus_lover_123 issued server command: /tpa moosh101
[17:57:54] [Server thread/INFO]: moosh101 issued server command: /tpaccept
[17:58:02] [Server thread/INFO]: big_mango issued server command: /tpa moosh
[17:58:05] [Server thread/INFO]: moosh101 issued server command: /tpaccept
[17:58:29] [Server thread/INFO]: big_mango issued server command: /tpa moosh
[17:58:32] [Server thread/INFO]: moosh101 issued server command: /tpaccept
[18:02:36] [Server thread/INFO]: moosh101 issued server command: /home 1
[18:04:14] [Server thread/INFO]: moosh101 issued server command: /home villige
[18:06:22] [Server thread/INFO]: bingus_lover_123 issued server command: /home 1
[18:06:49] [Server thread/INFO]: moosh101 issued server command: /home 1
[18:07:47] [Server thread/INFO]: big_mango issued server command: /home 1
[18:07:55] [Server thread/INFO]: big_mango issued server command: /home 1
[18:08:47] [Server thread/INFO]: moosh101 issued server command: /home villige
[18:08:57] [Server thread/INFO]: big_mango issued server command: /tpa moosh
[18:09:00] [Server thread/INFO]: moosh101 issued server command: /tpaccept
[18:09:10] [Server thread/INFO]: big_mango issued server command: /set home 4
[18:09:37] [Server thread/INFO]: big_mango issued server command: /tpa moosh
[18:09:45] [Server thread/INFO]: moosh101 issued server command: /tpaccept
[18:12:46] [Server thread/INFO]: bingus_lover_123 issued server command: /tpa moosh101
[18:12:55] [Server thread/INFO]: moosh101 issued server command: /tpaccept
[18:14:21] [Server thread/INFO]: moosh101 lost connection: Disconnected
[18:14:21] [Server thread/INFO]: moosh101 left the game.
[18:14:30] [Server thread/INFO]: bingus_lover_123 lost connection: Disconnected
[18:14:30] [Server thread/INFO]: bingus_lover_123 left the game.
[18:14:35] [Server thread/INFO]: big_mango lost connection: Disconnected
[18:14:35] [Server thread/INFO]: big_mango left the game.
[18:16:23] [Thread-22/INFO]: UUID of player big_mango is a2eb9122-fced-33b2-a18e-9b38bc1f269b
[18:16:23] [Server thread/INFO]: big_mango[/[0:0:0:0:0:0:0:1]:51018] logged in with entity id 23872 at ([world]-1816.8507193510943, 68.0, 116.40075088970339)
[18:18:17] [Thread-23/INFO]: UUID of player moosh101 is 2d9da0b3-8365-3bc4-a513-726bf9ac576e
[18:18:18] [Server thread/INFO]: moosh101[/[0:0:0:0:0:0:0:1]:38964] logged in with entity id 23999 at ([world]-1814.0521785847677, 68.0, 107.12038236831977)
[18:20:16] [Thread-24/INFO]: UUID of player AKA_DEATH_ is e2397c84-3da9-31f5-ae83-7e9b1dd1c9c4
[18:20:16] [Server thread/INFO]: AKA_DEATH_[/[0:0:0:0:0:0:0:1]:50098] logged in with entity id 24345 at ([world]368.5730708689482, 64.0, 325.76249998807907)
[18:21:01] [Server thread/INFO]: AKA_DEATH_ lost connection: Disconnected
[18:21:01] [Server thread/INFO]: AKA_DEATH_ left the game.
[18:21:02] [Server thread/INFO]: moosh101 lost connection: Disconnected
[18:21:02] [Server thread/INFO]: moosh101 left the game.
[18:21:06] [Server thread/INFO]: big_mango lost connection: Disconnected
[18:21:06] [Server thread/INFO]: big_mango left the game.
